	GppClean results for C:\Users\michael.vinetsky\Documents\GitHub\PostsShare\Michael V\W508MT\WilleminMacodel508MT_Fanuc31.gpp

Number of Removed Comments: 44

Number of Removed If Statements: 2
	Removed if lines
219. 	if change(spin) eq true
221. 
	endif
1278. 			if down_step gt 0
1280. 
			endif

Number of Removed global variables: 10
	Modified global lines
22. 	global numeric NumHeadAngle NumJpos IntTraceLevel NumUpos
25. 	global logical LogInMCO LogInFaceCartesian LogInRadialPolar LogIn4xTransform
26. 	global integer IntFileCounter IntHomeIndex IntHomeIndexSh
27. 	global string StrOpenFile StrDirectory ArIntFileList<<10>> ArStrAxesNames<<16>>
28. 	global numeric NumIncB1 ArNumMacPosition<<6,3>> ArNumAxesMove<<16>>
29. 	global logical LogExistHome LogDrillRadial LogInTorqueCheck LogInsynh LogDrillRadial LogBarFeederFlag LogForCimcoOutput ArLogAxesBits<<16>> LogUsePartCoordinate
30. 	global integer IntToolChangeMode IntCurrentTool ArIntAxis<<8>>

Number of Removed subroutines: 5
@feed_spin
@turn_chng_offset
@UdrFaceCartesian
@UdrRadialCartesian
@door
